<?xml version="1.0" encoding="UTF-8"?>
<!-- Generated by org.testng.reporters.JUnitReportReporter -->
<testsuite hostname="DESKTOP-0IGRKOF" failures="0" tests="1" name="web_ui.Login" time="6.890" errors="0" timestamp="2022-03-02T12:56:54 PKT" skipped="0">
  <testcase classname="web_ui.Login" name="loginProcess" time="6.890"/>
  <system-out/>
</testsuite> <!-- web_ui.Login -->
