<?xml version="1.0" encoding="UTF-8"?>
<!-- Generated by org.testng.reporters.JUnitReportReporter -->
<testsuite hostname="DESKTOP-0IGRKOF" failures="0" tests="1" name="web_ui.OrderMedicinceByCategory" time="29.080" errors="0" timestamp="2022-03-02T18:22:09 PKT" skipped="0">
  <testcase classname="web_ui.OrderMedicinceByCategory" name="OrderMedicineFrom_AcidReflux" time="29.080"/>
  <system-out/>
</testsuite> <!-- web_ui.OrderMedicinceByCategory -->
