<?xml version="1.0" encoding="UTF-8"?>
<!-- Generated by org.testng.reporters.JUnitReportReporter -->
<testsuite hostname="DESKTOP-0IGRKOF" failures="0" tests="1" name="web_ui.LoginTest" time="10.088" errors="0" timestamp="2022-02-09T16:26:32 PKT" skipped="0">
  <testcase classname="web_ui.LoginTest" name="login" time="10.088"/>
  <system-out>
    <![CDATA[The data"3351291126"Entered
The data"Azam1234567"Entered]]>
  </system-out>
</testsuite> <!-- web_ui.LoginTest -->
