<?xml version="1.0" encoding="UTF-8"?>
<!-- Generated by org.testng.reporters.JUnitReportReporter -->
<testsuite hostname="DESKTOP-0IGRKOF" failures="0" tests="1" name="web_ui.FooterTestNG" time="5.673" errors="0" timestamp="2021-11-16T00:41:12 PKT" skipped="0">
  <testcase classname="web_ui.FooterTestNG" name="f" time="5.673"/>
  <system-out/>
</testsuite> <!-- web_ui.FooterTestNG -->
